<?xml version="1.0" encoding="UTF-8" standalone="no"?>
<!DOCTYPE report PUBLIC "-//JACOCO//DTD Report 1.1//EN" "report.dtd"[]>
<report name="Pester (04/24/2022 20:00:26)">
  <sessioninfo id="this" start="1650830426394" dump="1650830426884" />
  <package name="What I Needed to Know About Pester 5">
    <class name="What I Needed to Know About Pester 5/module" sourcefilename="module.psm1">
      <method name="Get-Banana" desc="()" line="4">
        <counter type="INSTRUCTION" missed="0" covered="3" />
        <counter type="LINE" missed="0" covered="3" />
        <counter type="METHOD" missed="0" covered="1" />
      </method>
      <counter type="INSTRUCTION" missed="0" covered="3" />
      <counter type="LINE" missed="0" covered="3" />
      <counter type="METHOD" missed="0" covered="1" />
      <counter type="CLASS" missed="0" covered="1" />
    </class>
    <class name="What I Needed to Know About Pester 5/run" sourcefilename="run.ps1">
      <method name="&lt;script&gt;" desc="()" line="1">
        <counter type="INSTRUCTION" missed="18" covered="0" />
        <counter type="LINE" missed="17" covered="0" />
        <counter type="METHOD" missed="1" covered="0" />
      </method>
      <counter type="INSTRUCTION" missed="18" covered="0" />
      <counter type="LINE" missed="17" covered="0" />
      <counter type="METHOD" missed="1" covered="0" />
      <counter type="CLASS" missed="1" covered="0" />
    </class>
    <sourcefile name="module.psm1">
      <line nr="4" mi="0" ci="1" mb="0" cb="0" />
      <line nr="5" mi="0" ci="1" mb="0" cb="0" />
      <line nr="6" mi="0" ci="1" mb="0" cb="0" />
      <counter type="INSTRUCTION" missed="0" covered="3" />
      <counter type="LINE" missed="0" covered="3" />
      <counter type="METHOD" missed="0" covered="1" />
      <counter type="CLASS" missed="0" covered="1" />
    </sourcefile>
    <sourcefile name="run.ps1">
      <line nr="1" mi="1" ci="0" mb="0" cb="0" />
      <line nr="2" mi="1" ci="0" mb="0" cb="0" />
      <line nr="3" mi="2" ci="0" mb="0" cb="0" />
      <line nr="5" mi="1" ci="0" mb="0" cb="0" />
      <line nr="6" mi="1" ci="0" mb="0" cb="0" />
      <line nr="8" mi="1" ci="0" mb="0" cb="0" />
      <line nr="9" mi="1" ci="0" mb="0" cb="0" />
      <line nr="10" mi="1" ci="0" mb="0" cb="0" />
      <line nr="11" mi="1" ci="0" mb="0" cb="0" />
      <line nr="12" mi="1" ci="0" mb="0" cb="0" />
      <line nr="14" mi="1" ci="0" mb="0" cb="0" />
      <line nr="15" mi="1" ci="0" mb="0" cb="0" />
      <line nr="16" mi="1" ci="0" mb="0" cb="0" />
      <line nr="17" mi="1" ci="0" mb="0" cb="0" />
      <line nr="18" mi="1" ci="0" mb="0" cb="0" />
      <line nr="22" mi="1" ci="0" mb="0" cb="0" />
      <line nr="23" mi="1" ci="0" mb="0" cb="0" />
      <counter type="INSTRUCTION" missed="18" covered="0" />
      <counter type="LINE" missed="17" covered="0" />
      <counter type="METHOD" missed="1" covered="0" />
      <counter type="CLASS" missed="1" covered="0" />
    </sourcefile>
    <counter type="INSTRUCTION" missed="18" covered="3" />
    <counter type="LINE" missed="17" covered="3" />
    <counter type="METHOD" missed="1" covered="1" />
    <counter type="CLASS" missed="1" covered="1" />
  </package>
  <counter type="INSTRUCTION" missed="18" covered="3" />
  <counter type="LINE" missed="17" covered="3" />
  <counter type="METHOD" missed="1" covered="1" />
  <counter type="CLASS" missed="1" covered="1" />
</report>
